<?xml version="1.0" encoding="UTF-8"?>
<!-- Generated by org.testng.reporters.JUnitReportReporter -->
<testsuite hostname="DESKTOP-71ML6DJ" failures="0" tests="1" name="com.crm.autodesk.orgtest.CreateOrganizationInVtiger" time="15.160" errors="0" timestamp="2021-12-26T17:19:07 IST" skipped="0">
  <testcase classname="com.crm.autodesk.orgtest.CreateOrganizationInVtiger" name="createOrganizationInVtiger" time="15.160"/>
  <system-out/>
</testsuite> <!-- com.crm.autodesk.orgtest.CreateOrganizationInVtiger -->
