<?xml version="1.0" encoding="UTF-8"?>
<!-- Generated by org.testng.reporters.JUnitReportReporter -->
<testsuite hostname="DESKTOP-71ML6DJ" failures="0" tests="2" name="com.crm.autodesk.orgtest.CreateOrganizationWith_TypeTest" time="14.447" errors="0" timestamp="2021-12-27T16:33:12 IST" skipped="0">
  <testcase classname="com.crm.autodesk.orgtest.CreateOrganizationWith_TypeTest" name="createOrganizationWith_TypeTest" time="11.213"/>
  <system-out>
    <![CDATA[[ ACC115 ] AutoDesk_6272 - Organization Information ***Campaign Information Updated Today***]]>
  </system-out>
  <testcase classname="com.crm.autodesk.orgtest.CreateOrganizationWith_TypeTest" name="createOrganizationWith_TypeTest1" time="3.234"/>
  <system-out/>
</testsuite> <!-- com.crm.autodesk.orgtest.CreateOrganizationWith_TypeTest -->
