<?xml version="1.0" encoding="UTF-8"?>
<!-- Generated by org.testng.reporters.JUnitReportReporter -->
<testsuite hostname="DESKTOP-71ML6DJ" failures="0" tests="1" name="com.crm.autodesk.contacttest.CreateContactTest" time="9.816" errors="0" timestamp="2021-12-27T16:27:40 IST" skipped="0">
  <testcase classname="com.crm.autodesk.contacttest.CreateContactTest" name="createContactTest" time="9.816"/>
  <system-out>
    <![CDATA[[ CON36 ] Spoorthy_9159 - Contact Information***Contact is Successfully Created***]]>
  </system-out>
</testsuite> <!-- com.crm.autodesk.contacttest.CreateContactTest -->
