<?xml version="1.0" encoding="UTF-8"?>
<!-- Generated by org.testng.reporters.JUnitReportReporter -->
<testsuite hostname="DESKTOP-71ML6DJ" failures="0" tests="1" name="com.crm.autodesk.orgtest.CreateOrganizationWithIndustryAndTypeTest" time="10.138" errors="0" timestamp="2021-12-27T16:55:41 IST" skipped="0">
  <testcase classname="com.crm.autodesk.orgtest.CreateOrganizationWithIndustryAndTypeTest" name="createOrganizationWithIndustryAndTypeTest" time="10.138"/>
  <system-out>
    <![CDATA[[ ACC124 ] AutoDesk_5177 - Organization Information ***Organization is Successfully Created***
Energy ***Industry is Successfully Added***
Press ***Type is Successfully Added***]]>
  </system-out>
</testsuite> <!-- com.crm.autodesk.orgtest.CreateOrganizationWithIndustryAndTypeTest -->
