<?xml version="1.0" encoding="UTF-8"?>
<!-- Generated by org.testng.reporters.JUnitReportReporter -->
<testsuite hostname="DESKTOP-71ML6DJ" failures="0" tests="1" name="com.crm.autodesk.orgtest.CreateOrganizationWith_Type" time="16.461" errors="0" timestamp="2021-12-26T17:38:26 IST" skipped="0">
  <testcase classname="com.crm.autodesk.orgtest.CreateOrganizationWith_Type" name="createOrganizationWith_Type" time="16.461"/>
  <system-out/>
</testsuite> <!-- com.crm.autodesk.orgtest.CreateOrganizationWith_Type -->
