<?xml version="1.0" encoding="UTF-8"?>
<!-- Generated by org.testng.reporters.JUnitReportReporter -->
<testsuite hostname="DESKTOP-71ML6DJ" failures="0" tests="1" name="com.crm.autodesk.contacttest.CreateContactAndLinkNewOrganizationTest" time="16.701" errors="0" timestamp="2021-12-27T16:35:51 IST" skipped="0">
  <testcase classname="com.crm.autodesk.contacttest.CreateContactAndLinkNewOrganizationTest" name="createContactAndLinkNewOrganizationTest" time="16.701"/>
  <system-out>
    <![CDATA[[ CON37 ] Spoorthy_7957 - Contact Information ***Contact is Successfully Created***
 AutoDesk_7957 ***Organization is Successfully Linked to Contact***]]>
  </system-out>
</testsuite> <!-- com.crm.autodesk.contacttest.CreateContactAndLinkNewOrganizationTest -->
