<?xml version="1.0" encoding="UTF-8"?>
<!-- Generated by org.testng.reporters.JUnitReportReporter -->
<testsuite hostname="DESKTOP-71ML6DJ" failures="0" tests="1" name="com.crm.autodesk.orgtest.CreateOrganizationWith_MemberOfTest" time="11.671" errors="0" timestamp="2021-12-27T16:37:39 IST" skipped="0">
  <testcase classname="com.crm.autodesk.orgtest.CreateOrganizationWith_MemberOfTest" name="createOrganizationWith_MemberOfTest" time="11.671"/>
  <system-out>
    <![CDATA[[ ACC118 ] AutoDesk_3332 - Organization Information ***Campaign Information Updated Today***]]>
  </system-out>
</testsuite> <!-- com.crm.autodesk.orgtest.CreateOrganizationWith_MemberOfTest -->
