<?xml version="1.0" encoding="UTF-8"?>
<!-- Generated by org.testng.reporters.JUnitReportReporter -->
<testsuite hostname="DESKTOP-71ML6DJ" failures="0" tests="5" name="practice.DataProvider2Test" time="0.011" errors="0" timestamp="2021-12-24T10:09:49 IST" skipped="0">
  <testcase classname="practice.DataProvider2Test" name="readDataFromDataProviderTest" time="0.001"/>
  <system-out/>
  <testcase classname="practice.DataProvider2Test" name="readDataFromDataProviderTest" time="0.000"/>
  <system-out/>
  <testcase classname="practice.DataProvider2Test" name="readDataFromDataProviderTest" time="0.002"/>
  <system-out/>
  <testcase classname="practice.DataProvider2Test" name="readDataFromDataProviderTest" time="0.007"/>
  <system-out/>
  <testcase classname="practice.DataProvider2Test" name="readDataFromDataProviderTest" time="0.001"/>
  <system-out/>
</testsuite> <!-- practice.DataProvider2Test -->
