<?xml version="1.0" encoding="UTF-8"?>
<!-- Generated by org.testng.reporters.JUnitReportReporter -->
<testsuite hostname="DESKTOP-71ML6DJ" failures="0" tests="3" name="practice.DataProviderTest" time="0.009" errors="0" timestamp="2021-12-23T17:54:24 IST" skipped="0">
  <testcase classname="practice.DataProviderTest" name="readDataFromDataProviderTest" time="0.002"/>
  <system-out/>
  <testcase classname="practice.DataProviderTest" name="readDataFromDataProviderTest" time="0.002"/>
  <system-out/>
  <testcase classname="practice.DataProviderTest" name="readDataFromDataProviderTest" time="0.005"/>
  <system-out/>
</testsuite> <!-- practice.DataProviderTest -->
